<FortRequest>
	<contextId>HOME</contextId>
	<entity xsi:type="permGrant" xmlns:xsi="http://www.w3.org/2001/XMLSchema-instance">
		<objName>WashersPage</objName>
		<opName>link</opName>
		<roleNm>colgate</roleNm>
	</entity>
</FortRequest>