<FortRequest>
	<contextId>HOME</contextId>
	<entity xsi:type="permGrant" xmlns:xsi="http://www.w3.org/2001/XMLSchema-instance">
		<objName>Branch</objName>
		<opName>login</opName>
		<roleNm>Bank_Users</roleNm>
	</entity>
</FortRequest>
