<FortRequest>
    <contextId>qa</contextId>
    <entity xsi:type="permission" xmlns:xsi="http://www.w3.org/2001/XMLSchema-instance">
        <objName></objName>
        <opName></opName>
    </entity>
</FortRequest>