<FortRequest>
    <contextId>HOME</contextId>
    <value></value>
</FortRequest>
