<FortRequest>
      <contextId>HOME</contextId>
      <entity xsi:type="role" xmlns:xsi="http://www.w3.org/2001/XMLSchema-instance">
         <name>Bank_Users</name>
         <description>Test Role for Bank Users in Fortress RBAC-ABAC Demo.</description>
      </entity>
</FortRequest>
