<FortRequest>
	<contextId>HOME</contextId>
	<entity xsi:type="permObj" xmlns:xsi="http://www.w3.org/2001/XMLSchema-instance">
		<objName>WashersPage</objName>
		<description>Web resource for washers</description>
		<ou>default</ou>
	</entity>
</FortRequest>
