<FortRequest>
	<contextId>HOME</contextId>
	<entity xsi:type="permObj" xmlns:xsi="http://www.w3.org/2001/XMLSchema-instance">
		<objName>org.rbacabac.HomePage</objName>
		<description>Resource for Home page of web app</description>
		<ou>default</ou>
	</entity>
</FortRequest>
