<FortRequest>
	<contextId>HOME</contextId>
	<entity xsi:type="permission" xmlns:xsi="http://www.w3.org/2001/XMLSchema-instance">
		<objName>Account</objName>
		<opName>withdrawal</opName>
	</entity>
</FortRequest>