<FortRequest>
      <contextId>HOME</contextId>
      <entity xsi:type="role" xmlns:xsi="http://www.w3.org/2001/XMLSchema-instance">
         <name>Tellers</name>
         <description>Test Role for Tellers in Fortress RBAC-ABAC Demo.</description>
      </entity>
</FortRequest>
