<FortRequest>
      <contextId>HOME</contextId>
      <entity xsi:type="user" xmlns:xsi="http://www.w3.org/2001/XMLSchema-instance">
         <userId>larry</userId>
         <props><entry><key>locale</key><value>south</value></entry></props>
      </entity>
</FortRequest>
