<FortRequest>
	<contextId>HOME</contextId>
	<entity xsi:type="permObj" xmlns:xsi="http://www.w3.org/2001/XMLSchema-instance">
		<objName>Account</objName>
		<description>Resource to control account test ops</description>
		<ou>default</ou>
	</entity>
</FortRequest>
