<FortRequest>
	<contextId>HOME</contextId>
	<entity xsi:type="userRole" xmlns:xsi="http://www.w3.org/2001/XMLSchema-instance">
		<name>washers</name>
		<userId>curly</userId>
	</entity>
	<entity2 xsi:type="roleConstraint" xmlns:xsi="http://www.w3.org/2001/XMLSchema-instance">
		<key>locale</key>
		<value>north</value>
		<type>USER</type>
	</entity2>
</FortRequest>
